<?xml version="1.0" encoding="UTF-8"?>
<!-- Generated by org.testng.reporters.JUnitXMLReporter -->
<testsuite hostname="LAPTOP-CU870VSL" ignored="0" name="HappyPath" tests="6" failures="2" timestamp="13 Dec 2018 17:18:31 GMT" time="223.312" errors="0">
  <testcase name="onBoradingAction" time="26.863" classname="com.monsanto.TestScripts.TestScriptFarmRise"/>
  <testcase name="navigateWeatherAccessScreen" time="4.819" classname="com.monsanto.TestScripts.TestScriptFarmRise"/>
  <testcase name="verifyAppTimeAgainstSystemTime" time="10.691" classname="com.monsanto.TestScripts.TestScriptFarmRise"/>
  <testcase name="navigateToGovernmentSchemesPage" time="4.042" classname="com.monsanto.TestScripts.TestScriptFarmRise"/>
  <testcase name="tapOnLoadMoreSchemesButton" time="84.789" classname="com.monsanto.TestScripts.TestScriptFarmRise">
    <failure type="java.lang.AssertionError" message="expected [false] but found [true]">
      <![CDATA[java.lang.AssertionError: expected [false] but found [true]
	at com.monsanto.PageHelper.FarmRisePageHelper.scrollTillVisibleElement(FarmRisePageHelper.java:320)
	at com.monsanto.TestScripts.TestScriptFarmRise.tapOnLoadMoreSchemesButton(TestScriptFarmRise.java:60)
... Removed 29 stack frames]]>
    </failure>
  </testcase> <!-- tapOnLoadMoreSchemesButton -->
  <testcase name="searchForKeyword" time="23.706" classname="com.monsanto.TestScripts.TestScriptFarmRise">
    <failure type="java.lang.AssertionError" message="expected [false] but found [true]">
      <![CDATA[java.lang.AssertionError: expected [false] but found [true]
	at com.monsanto.PageHelper.FarmRisePageHelper.verifyTheResult(FarmRisePageHelper.java:371)
	at com.monsanto.TestScripts.TestScriptFarmRise.searchForKeyword(TestScriptFarmRise.java:71)
... Removed 29 stack frames]]>
    </failure>
  </testcase> <!-- searchForKeyword -->
</testsuite> <!-- HappyPath -->
