<?xml version="1.0" encoding="UTF-8"?>
<testng-results skipped="0" failed="2" ignored="0" total="6" passed="4">
  <reporter-output>
    <line>
      <![CDATA[<font color='blue'>Start execution of Test Method 'onBoradingAction'</font>]]>
    </line>
    <line>
      <![CDATA[<font color='green'>Tap on 'English' langauge icon.</font>]]>
    </line>
    <line>
      <![CDATA[<font color='green'>Tap on 'Proceed' button.</font>]]>
    </line>
    <line>
      <![CDATA[<font color='green'>Tap on 'Agreement & Conditions' button.</font>]]>
    </line>
    <line>
      <![CDATA[<font color='green'>Home icon is displayed and tap on OK icon.</font>]]>
    </line>
    <line>
      <![CDATA[<font color='green'>Mandi icon is displayed and tap on OK icon.</font>]]>
    </line>
    <line>
      <![CDATA[<font color='green'>Agronomy icon is displayed and tap on OK icon.</font>]]>
    </line>
    <line>
      <![CDATA[<font color='green'>Chat icon is displayed and tap on OK icon.</font>]]>
    </line>
    <line>
      <![CDATA[<font color='green'>Hamburger icon is displayed and tap on OK icon.</font>]]>
    </line>
    <line>
      <![CDATA[<font color='green'>Tap on Home icon..</font>]]>
    </line>
    <line>
      <![CDATA[<font color='blue'>Start execution of Test Method 'navigateWeatherAccessScreen'</font>]]>
    </line>
    <line>
      <![CDATA[<font color='green'>Tap on Access Weather Details..</font>]]>
    </line>
    <line>
      <![CDATA[<font color='green'>Successfully landed on 'Weather Details' screen..</font>]]>
    </line>
    <line>
      <![CDATA[<font color='blue'>Start execution of Test Method 'verifyAppTimeAgainstSystemTime'</font>]]>
    </line>
    <line>
      <![CDATA[<font color='green'>App time: 11 PM</font>]]>
    </line>
    <line>
      <![CDATA[<font color='green'>End time to scroll: 9 PM</font>]]>
    </line>
    <line>
      <![CDATA[<font color='green'>Successfully scroll till 9 PM text.</font>]]>
    </line>
    <line>
      <![CDATA[<font color='green'>App time showing as expected. App Start & End Time is : 11 PM and 9 PM and system start & end time is : 11 PM and 9 PM</font>]]>
    </line>
    <line>
      <![CDATA[<font color='blue'>Start execution of Test Method 'navigateToGovernmentSchemesPage'</font>]]>
    </line>
    <line>
      <![CDATA[<font color='green'>Clicked on 'Hamburger' icon.</font>]]>
    </line>
    <line>
      <![CDATA[<font color='green'>'Government Schemes' link is displayed and tap on the same..</font>]]>
    </line>
    <line>
      <![CDATA[<font color='green'>Successfully landed on 'Government Schemes' page..</font>]]>
    </line>
    <line>
      <![CDATA[<font color='blue'>Start execution of Test Method 'tapOnLoadMoreSchemesButton'</font>]]>
    </line>
    <line>
      <![CDATA[<font color='red'>'Load More Schemes' button is not present on page..</font>]]>
    </line>
    <line>
      <![CDATA[<img src="file://C:\Users\Ahmer\Centralize\Appium\MonsantoAssignment\attachedScreenshot\tapOnLoadMoreSchemesButton.png" alt="" width='300' height='500'/>]]>
    </line>
    <line>
      <![CDATA[<font color='blue'>Start execution of Test Method 'searchForKeyword'</font>]]>
    </line>
    <line>
      <![CDATA[<font color='green'>Tap on search icon..</font>]]>
    </line>
    <line>
      <![CDATA[<font color='green'>kisan keyword is entered into search text field..</font>]]>
    </line>
    <line>
      <![CDATA[<font color='green'>Tap on enter from keyboard..</font>]]>
    </line>
    <line>
      <![CDATA[<font color='red'>No item is displayed...</font>]]>
    </line>
    <line>
      <![CDATA[<img src="file://C:\Users\Ahmer\Centralize\Appium\MonsantoAssignment\attachedScreenshot\searchForKeyword.png" alt="" width='300' height='500'/>]]>
    </line>
  </reporter-output>
  <suite name="MonsantoTest" duration-ms="223312" started-at="2018-12-13T17:14:48Z" finished-at="2018-12-13T17:18:31Z">
    <groups>
    </groups>
    <test name="HappyPath" duration-ms="223312" started-at="2018-12-13T17:14:48Z" finished-at="2018-12-13T17:18:31Z">
      <class name="com.monsanto.TestScripts.TestScriptFarmRise">
        <test-method status="PASS" signature="setUp(java.lang.String, java.lang.String, java.lang.String)[pri:0, instance:com.monsanto.TestScripts.TestScriptFarmRise@6e6c3152]" name="setUp" is-config="true" duration-ms="63765" started-at="2018-12-13T22:44:48Z" finished-at="2018-12-13T22:45:51Z">
          <params>
            <param index="0">
              <value>
                <![CDATA[55e9b522]]>
              </value>
            </param>
            <param index="1">
              <value>
                <![CDATA[6.0.1]]>
              </value>
            </param>
            <param index="2">
              <value>
                <![CDATA[base.apk]]>
              </value>
            </param>
          </params>
          <reporter-output>
          </reporter-output>
        </test-method> <!-- setUp -->
        <test-method status="PASS" signature="onBoradingAction()[pri:0, instance:com.monsanto.TestScripts.TestScriptFarmRise@6e6c3152]" name="onBoradingAction" duration-ms="26863" started-at="2018-12-13T22:45:51Z" finished-at="2018-12-13T22:46:18Z">
          <reporter-output>
            <line>
              <![CDATA[<font color='blue'>Start execution of Test Method 'onBoradingAction'</font>]]>
            </line>
            <line>
              <![CDATA[<font color='green'>Tap on 'English' langauge icon.</font>]]>
            </line>
            <line>
              <![CDATA[<font color='green'>Tap on 'Proceed' button.</font>]]>
            </line>
            <line>
              <![CDATA[<font color='green'>Tap on 'Agreement & Conditions' button.</font>]]>
            </line>
            <line>
              <![CDATA[<font color='green'>Home icon is displayed and tap on OK icon.</font>]]>
            </line>
            <line>
              <![CDATA[<font color='green'>Mandi icon is displayed and tap on OK icon.</font>]]>
            </line>
            <line>
              <![CDATA[<font color='green'>Agronomy icon is displayed and tap on OK icon.</font>]]>
            </line>
            <line>
              <![CDATA[<font color='green'>Chat icon is displayed and tap on OK icon.</font>]]>
            </line>
            <line>
              <![CDATA[<font color='green'>Hamburger icon is displayed and tap on OK icon.</font>]]>
            </line>
            <line>
              <![CDATA[<font color='green'>Tap on Home icon..</font>]]>
            </line>
          </reporter-output>
        </test-method> <!-- onBoradingAction -->
        <test-method status="PASS" signature="afterEachTestMethod(org.testng.ITestResult)[pri:0, instance:com.monsanto.TestScripts.TestScriptFarmRise@6e6c3152]" name="afterEachTestMethod" is-config="true" duration-ms="1" started-at="2018-12-13T22:46:18Z" finished-at="2018-12-13T22:46:18Z">
          <params>
            <param index="0">
              <value>
                <![CDATA[[TestResult name=onBoradingAction status=SUCCESS method=TestScriptFarmRise.onBoradingAction()[pri:0, instance:com.monsanto.TestScripts.TestScriptFarmRise@6e6c3152] output=<font color='blue'>Start execution of Test Method 'onBoradingAction'</font>]]]>
              </value>
            </param>
          </params>
          <reporter-output>
          </reporter-output>
        </test-method> <!-- afterEachTestMethod -->
        <test-method status="PASS" signature="navigateWeatherAccessScreen()[pri:0, instance:com.monsanto.TestScripts.TestScriptFarmRise@6e6c3152]" name="navigateWeatherAccessScreen" duration-ms="4819" started-at="2018-12-13T22:46:18Z" depends-on-methods="com.monsanto.TestScripts.TestScriptFarmRise.onBoradingAction" finished-at="2018-12-13T22:46:23Z">
          <reporter-output>
            <line>
              <![CDATA[<font color='blue'>Start execution of Test Method 'navigateWeatherAccessScreen'</font>]]>
            </line>
            <line>
              <![CDATA[<font color='green'>Tap on Access Weather Details..</font>]]>
            </line>
            <line>
              <![CDATA[<font color='green'>Successfully landed on 'Weather Details' screen..</font>]]>
            </line>
          </reporter-output>
        </test-method> <!-- navigateWeatherAccessScreen -->
        <test-method status="PASS" signature="afterEachTestMethod(org.testng.ITestResult)[pri:0, instance:com.monsanto.TestScripts.TestScriptFarmRise@6e6c3152]" name="afterEachTestMethod" is-config="true" duration-ms="1" started-at="2018-12-13T22:46:23Z" finished-at="2018-12-13T22:46:23Z">
          <params>
            <param index="0">
              <value>
                <![CDATA[[TestResult name=navigateWeatherAccessScreen status=SUCCESS method=TestScriptFarmRise.navigateWeatherAccessScreen()[pri:0, instance:com.monsanto.TestScripts.TestScriptFarmRise@6e6c3152] output=<font color='blue'>Start execution of Test Method 'navigateWeatherAccessScreen'</font>]]]>
              </value>
            </param>
          </params>
          <reporter-output>
          </reporter-output>
        </test-method> <!-- afterEachTestMethod -->
        <test-method status="PASS" signature="verifyAppTimeAgainstSystemTime()[pri:0, instance:com.monsanto.TestScripts.TestScriptFarmRise@6e6c3152]" name="verifyAppTimeAgainstSystemTime" duration-ms="10691" started-at="2018-12-13T22:46:23Z" depends-on-methods="com.monsanto.TestScripts.TestScriptFarmRise.navigateWeatherAccessScreen" finished-at="2018-12-13T22:46:34Z">
          <reporter-output>
            <line>
              <![CDATA[<font color='blue'>Start execution of Test Method 'verifyAppTimeAgainstSystemTime'</font>]]>
            </line>
            <line>
              <![CDATA[<font color='green'>App time: 11 PM</font>]]>
            </line>
            <line>
              <![CDATA[<font color='green'>End time to scroll: 9 PM</font>]]>
            </line>
            <line>
              <![CDATA[<font color='green'>Successfully scroll till 9 PM text.</font>]]>
            </line>
            <line>
              <![CDATA[<font color='green'>App time showing as expected. App Start & End Time is : 11 PM and 9 PM and system start & end time is : 11 PM and 9 PM</font>]]>
            </line>
          </reporter-output>
        </test-method> <!-- verifyAppTimeAgainstSystemTime -->
        <test-method status="PASS" signature="afterEachTestMethod(org.testng.ITestResult)[pri:0, instance:com.monsanto.TestScripts.TestScriptFarmRise@6e6c3152]" name="afterEachTestMethod" is-config="true" duration-ms="1" started-at="2018-12-13T22:46:34Z" finished-at="2018-12-13T22:46:34Z">
          <params>
            <param index="0">
              <value>
                <![CDATA[[TestResult name=verifyAppTimeAgainstSystemTime status=SUCCESS method=TestScriptFarmRise.verifyAppTimeAgainstSystemTime()[pri:0, instance:com.monsanto.TestScripts.TestScriptFarmRise@6e6c3152] output=<font color='blue'>Start execution of Test Method 'verifyAppTimeAgainstSystemTime'</font>]]]>
              </value>
            </param>
          </params>
          <reporter-output>
          </reporter-output>
        </test-method> <!-- afterEachTestMethod -->
        <test-method status="PASS" signature="navigateToGovernmentSchemesPage()[pri:0, instance:com.monsanto.TestScripts.TestScriptFarmRise@6e6c3152]" name="navigateToGovernmentSchemesPage" duration-ms="4042" started-at="2018-12-13T22:46:34Z" depends-on-methods="com.monsanto.TestScripts.TestScriptFarmRise.navigateWeatherAccessScreen" finished-at="2018-12-13T22:46:38Z">
          <reporter-output>
            <line>
              <![CDATA[<font color='blue'>Start execution of Test Method 'navigateToGovernmentSchemesPage'</font>]]>
            </line>
            <line>
              <![CDATA[<font color='green'>Clicked on 'Hamburger' icon.</font>]]>
            </line>
            <line>
              <![CDATA[<font color='green'>'Government Schemes' link is displayed and tap on the same..</font>]]>
            </line>
            <line>
              <![CDATA[<font color='green'>Successfully landed on 'Government Schemes' page..</font>]]>
            </line>
          </reporter-output>
        </test-method> <!-- navigateToGovernmentSchemesPage -->
        <test-method status="PASS" signature="afterEachTestMethod(org.testng.ITestResult)[pri:0, instance:com.monsanto.TestScripts.TestScriptFarmRise@6e6c3152]" name="afterEachTestMethod" is-config="true" duration-ms="0" started-at="2018-12-13T22:46:38Z" finished-at="2018-12-13T22:46:38Z">
          <params>
            <param index="0">
              <value>
                <![CDATA[[TestResult name=navigateToGovernmentSchemesPage status=SUCCESS method=TestScriptFarmRise.navigateToGovernmentSchemesPage()[pri:0, instance:com.monsanto.TestScripts.TestScriptFarmRise@6e6c3152] output=<font color='blue'>Start execution of Test Method 'navigateToGovernmentSchemesPage'</font>]]]>
              </value>
            </param>
          </params>
          <reporter-output>
          </reporter-output>
        </test-method> <!-- afterEachTestMethod -->
        <test-method status="FAIL" signature="tapOnLoadMoreSchemesButton()[pri:0, instance:com.monsanto.TestScripts.TestScriptFarmRise@6e6c3152]" name="tapOnLoadMoreSchemesButton" duration-ms="84789" started-at="2018-12-13T22:46:38Z" depends-on-methods="com.monsanto.TestScripts.TestScriptFarmRise.navigateToGovernmentSchemesPage" finished-at="2018-12-13T22:48:03Z">
          <exception class="java.lang.AssertionError">
            <message>
              <![CDATA[expected [false] but found [true]]]>
            </message>
            <full-stacktrace>
              <![CDATA[java.lang.AssertionError: expected [false] but found [true]
	at org.testng.Assert.fail(Assert.java:93)
	at org.testng.Assert.failNotEquals(Assert.java:512)
	at org.testng.Assert.assertFalse(Assert.java:62)
	at org.testng.Assert.assertFalse(Assert.java:72)
	at com.monsanto.PageHelper.FarmRisePageHelper.scrollTillVisibleElement(FarmRisePageHelper.java:320)
	at com.monsanto.TestScripts.TestScriptFarmRise.tapOnLoadMoreSchemesButton(TestScriptFarmRise.java:60)
	at sun.reflect.NativeMethodAccessorImpl.invoke0(Native Method)
	at sun.reflect.NativeMethodAccessorImpl.invoke(Unknown Source)
	at sun.reflect.DelegatingMethodAccessorImpl.invoke(Unknown Source)
	at java.lang.reflect.Method.invoke(Unknown Source)
	at org.testng.internal.MethodInvocationHelper.invokeMethod(MethodInvocationHelper.java:108)
	at org.testng.internal.Invoker.invokeMethod(Invoker.java:669)
	at org.testng.internal.Invoker.invokeTestMethod(Invoker.java:877)
	at org.testng.internal.Invoker.invokeTestMethods(Invoker.java:1201)
	at org.testng.internal.TestMethodWorker.invokeTestMethods(TestMethodWorker.java:125)
	at org.testng.internal.TestMethodWorker.run(TestMethodWorker.java:109)
	at org.testng.TestRunner.privateRun(TestRunner.java:776)
	at org.testng.TestRunner.run(TestRunner.java:634)
	at org.testng.SuiteRunner.runTest(SuiteRunner.java:425)
	at org.testng.SuiteRunner.runSequentially(SuiteRunner.java:420)
	at org.testng.SuiteRunner.privateRun(SuiteRunner.java:385)
	at org.testng.SuiteRunner.run(SuiteRunner.java:334)
	at org.testng.SuiteRunnerWorker.runSuite(SuiteRunnerWorker.java:52)
	at org.testng.SuiteRunnerWorker.run(SuiteRunnerWorker.java:86)
	at org.testng.TestNG.runSuitesSequentially(TestNG.java:1318)
	at org.testng.TestNG.runSuitesLocally(TestNG.java:1243)
	at org.testng.TestNG.runSuites(TestNG.java:1161)
	at org.testng.TestNG.run(TestNG.java:1129)
	at org.testng.remote.AbstractRemoteTestNG.run(AbstractRemoteTestNG.java:114)
	at org.testng.remote.RemoteTestNG.initAndRun(RemoteTestNG.java:251)
	at org.testng.remote.RemoteTestNG.main(RemoteTestNG.java:77)
]]>
            </full-stacktrace>
          </exception> <!-- java.lang.AssertionError -->
          <reporter-output>
            <line>
              <![CDATA[<font color='blue'>Start execution of Test Method 'tapOnLoadMoreSchemesButton'</font>]]>
            </line>
            <line>
              <![CDATA[<font color='red'>'Load More Schemes' button is not present on page..</font>]]>
            </line>
          </reporter-output>
        </test-method> <!-- tapOnLoadMoreSchemesButton -->
        <test-method status="PASS" signature="afterEachTestMethod(org.testng.ITestResult)[pri:0, instance:com.monsanto.TestScripts.TestScriptFarmRise@6e6c3152]" name="afterEachTestMethod" is-config="true" duration-ms="2729" started-at="2018-12-13T22:48:03Z" finished-at="2018-12-13T22:48:05Z">
          <params>
            <param index="0">
              <value>
                <![CDATA[[TestResult name=tapOnLoadMoreSchemesButton status=FAILURE method=TestScriptFarmRise.tapOnLoadMoreSchemesButton()[pri:0, instance:com.monsanto.TestScripts.TestScriptFarmRise@6e6c3152] output=<font color='blue'>Start execution of Test Method 'tapOnLoadMoreSchemesButton'</font>]]]>
              </value>
            </param>
          </params>
          <reporter-output>
            <line>
              <![CDATA[<img src="file://C:\Users\Ahmer\Centralize\Appium\MonsantoAssignment\attachedScreenshot\tapOnLoadMoreSchemesButton.png" alt="" width='300' height='500'/>]]>
            </line>
          </reporter-output>
        </test-method> <!-- afterEachTestMethod -->
        <test-method status="FAIL" signature="searchForKeyword()[pri:0, instance:com.monsanto.TestScripts.TestScriptFarmRise@6e6c3152]" name="searchForKeyword" duration-ms="23706" started-at="2018-12-13T22:48:05Z" depends-on-methods="com.monsanto.TestScripts.TestScriptFarmRise.navigateToGovernmentSchemesPage" finished-at="2018-12-13T22:48:29Z">
          <exception class="java.lang.AssertionError">
            <message>
              <![CDATA[expected [false] but found [true]]]>
            </message>
            <full-stacktrace>
              <![CDATA[java.lang.AssertionError: expected [false] but found [true]
	at org.testng.Assert.fail(Assert.java:93)
	at org.testng.Assert.failNotEquals(Assert.java:512)
	at org.testng.Assert.assertFalse(Assert.java:62)
	at org.testng.Assert.assertFalse(Assert.java:72)
	at com.monsanto.PageHelper.FarmRisePageHelper.verifyTheResult(FarmRisePageHelper.java:371)
	at com.monsanto.TestScripts.TestScriptFarmRise.searchForKeyword(TestScriptFarmRise.java:71)
	at sun.reflect.NativeMethodAccessorImpl.invoke0(Native Method)
	at sun.reflect.NativeMethodAccessorImpl.invoke(Unknown Source)
	at sun.reflect.DelegatingMethodAccessorImpl.invoke(Unknown Source)
	at java.lang.reflect.Method.invoke(Unknown Source)
	at org.testng.internal.MethodInvocationHelper.invokeMethod(MethodInvocationHelper.java:108)
	at org.testng.internal.Invoker.invokeMethod(Invoker.java:669)
	at org.testng.internal.Invoker.invokeTestMethod(Invoker.java:877)
	at org.testng.internal.Invoker.invokeTestMethods(Invoker.java:1201)
	at org.testng.internal.TestMethodWorker.invokeTestMethods(TestMethodWorker.java:125)
	at org.testng.internal.TestMethodWorker.run(TestMethodWorker.java:109)
	at org.testng.TestRunner.privateRun(TestRunner.java:776)
	at org.testng.TestRunner.run(TestRunner.java:634)
	at org.testng.SuiteRunner.runTest(SuiteRunner.java:425)
	at org.testng.SuiteRunner.runSequentially(SuiteRunner.java:420)
	at org.testng.SuiteRunner.privateRun(SuiteRunner.java:385)
	at org.testng.SuiteRunner.run(SuiteRunner.java:334)
	at org.testng.SuiteRunnerWorker.runSuite(SuiteRunnerWorker.java:52)
	at org.testng.SuiteRunnerWorker.run(SuiteRunnerWorker.java:86)
	at org.testng.TestNG.runSuitesSequentially(TestNG.java:1318)
	at org.testng.TestNG.runSuitesLocally(TestNG.java:1243)
	at org.testng.TestNG.runSuites(TestNG.java:1161)
	at org.testng.TestNG.run(TestNG.java:1129)
	at org.testng.remote.AbstractRemoteTestNG.run(AbstractRemoteTestNG.java:114)
	at org.testng.remote.RemoteTestNG.initAndRun(RemoteTestNG.java:251)
	at org.testng.remote.RemoteTestNG.main(RemoteTestNG.java:77)
]]>
            </full-stacktrace>
          </exception> <!-- java.lang.AssertionError -->
          <reporter-output>
            <line>
              <![CDATA[<font color='blue'>Start execution of Test Method 'searchForKeyword'</font>]]>
            </line>
            <line>
              <![CDATA[<font color='green'>Tap on search icon..</font>]]>
            </line>
            <line>
              <![CDATA[<font color='green'>kisan keyword is entered into search text field..</font>]]>
            </line>
            <line>
              <![CDATA[<font color='green'>Tap on enter from keyboard..</font>]]>
            </line>
            <line>
              <![CDATA[<font color='red'>No item is displayed...</font>]]>
            </line>
          </reporter-output>
        </test-method> <!-- searchForKeyword -->
        <test-method status="PASS" signature="afterEachTestMethod(org.testng.ITestResult)[pri:0, instance:com.monsanto.TestScripts.TestScriptFarmRise@6e6c3152]" name="afterEachTestMethod" is-config="true" duration-ms="1749" started-at="2018-12-13T22:48:29Z" finished-at="2018-12-13T22:48:31Z">
          <params>
            <param index="0">
              <value>
                <![CDATA[[TestResult name=searchForKeyword status=FAILURE method=TestScriptFarmRise.searchForKeyword()[pri:0, instance:com.monsanto.TestScripts.TestScriptFarmRise@6e6c3152] output=<font color='blue'>Start execution of Test Method 'searchForKeyword'</font>]]]>
              </value>
            </param>
          </params>
          <reporter-output>
            <line>
              <![CDATA[<img src="file://C:\Users\Ahmer\Centralize\Appium\MonsantoAssignment\attachedScreenshot\searchForKeyword.png" alt="" width='300' height='500'/>]]>
            </line>
          </reporter-output>
        </test-method> <!-- afterEachTestMethod -->
        <test-method status="PASS" signature="aftertest()[pri:0, instance:com.monsanto.TestScripts.TestScriptFarmRise@6e6c3152]" name="aftertest" is-config="true" duration-ms="103" started-at="2018-12-13T22:48:31Z" finished-at="2018-12-13T22:48:31Z">
          <reporter-output>
          </reporter-output>
        </test-method> <!-- aftertest -->
      </class> <!-- com.monsanto.TestScripts.TestScriptFarmRise -->
    </test> <!-- HappyPath -->
  </suite> <!-- MonsantoTest -->
</testng-results>
